<?xml version="1.0" encoding="UTF-8"?>
<!-- Generated by org.testng.reporters.JUnitXMLReporter -->
<testsuite ignored="0" hostname="DESKTOP-S6E37E4" failures="0" tests="10" name="Surefire test" time="28.712" errors="0" timestamp="2026-04-08T08:49:57 IST">
  <testcase classname="api.test.DDTests" name="testPostUser" time="4.035"/>
  <testcase classname="api.test.DDTests" name="testPostUser" time="1.879"/>
  <testcase classname="api.test.DDTests" name="testPostUser" time="5.005"/>
  <testcase classname="api.test.DDTests" name="testDeleteUserByName" time="2.005"/>
  <testcase classname="api.test.DDTests" name="testDeleteUserByName" time="1.842"/>
  <testcase classname="api.test.DDTests" name="testDeleteUserByName" time="2.053"/>
  <testcase classname="api.test.UserTests" name="testPostUser" time="1.673"/>
  <testcase classname="api.test.UserTests" name="testGetuserByName" time="1.804"/>
  <testcase classname="api.test.UserTests" name="testUpdateUserByName" time="4.085"/>
  <testcase classname="api.test.UserTests" name="testDeleteUserByName" time="2.051"/>
</testsuite> <!-- Surefire test -->
