<?xml version="1.0" encoding="UTF-8"?>
<testng-results ignored="0" total="4" passed="4" failed="0" skipped="0">
  <reporter-output>
  </reporter-output>
  <suite started-at="2026-04-08T09:14:19 IST" name="Suite" finished-at="2026-04-08T09:14:34 IST" duration-ms="15079">
    <groups>
    </groups>
    <test started-at="2026-04-08T09:14:19 IST" name="Test" finished-at="2026-04-08T09:14:34 IST" duration-ms="15079">
      <class name="api.test.UserTests">
        <test-method is-config="true" signature="setupdata()[pri:0, instance:api.test.UserTests@158da8e]" started-at="2026-04-08T09:14:19 IST" name="setupdata" finished-at="2026-04-08T09:14:19 IST" duration-ms="238" status="PASS">
          <reporter-output>
          </reporter-output>
        </test-method> <!-- setupdata -->
        <test-method signature="testPostUser()[pri:1, instance:api.test.UserTests@158da8e]" started-at="2026-04-08T09:14:19 IST" name="testPostUser" finished-at="2026-04-08T09:14:25 IST" duration-ms="5370" status="PASS">
          <reporter-output>
          </reporter-output>
        </test-method> <!-- testPostUser -->
        <test-method signature="testGetuserByName()[pri:2, instance:api.test.UserTests@158da8e]" started-at="2026-04-08T09:14:25 IST" name="testGetuserByName" finished-at="2026-04-08T09:14:27 IST" duration-ms="2261" status="PASS">
          <reporter-output>
          </reporter-output>
        </test-method> <!-- testGetuserByName -->
        <test-method signature="testUpdateUserByName()[pri:3, instance:api.test.UserTests@158da8e]" started-at="2026-04-08T09:14:27 IST" name="testUpdateUserByName" finished-at="2026-04-08T09:14:32 IST" duration-ms="5117" status="PASS">
          <reporter-output>
          </reporter-output>
        </test-method> <!-- testUpdateUserByName -->
        <test-method signature="testDeleteUserByName()[pri:4, instance:api.test.UserTests@158da8e]" started-at="2026-04-08T09:14:32 IST" name="testDeleteUserByName" finished-at="2026-04-08T09:14:34 IST" duration-ms="2032" status="PASS">
          <reporter-output>
          </reporter-output>
        </test-method> <!-- testDeleteUserByName -->
      </class> <!-- api.test.UserTests -->
    </test> <!-- Test -->
  </suite> <!-- Suite -->
</testng-results>
