<?xml version="1.0" encoding="UTF-8"?>
<!-- Generated by org.testng.reporters.JUnitReportReporter -->
<testsuite hostname="DESKTOP-S6E37E4" failures="0" tests="6" name="api.test.DDTests" time="15.747" errors="0" timestamp="2026-04-07T14:42:28 IST" skipped="0">
  <testcase classname="api.test.DDTests" name="testPostUser" time="1.503"/>
  <testcase classname="api.test.DDTests" name="testPostUser" time="1.512"/>
  <testcase classname="api.test.DDTests" name="testPostUser" time="3.383"/>
  <testcase classname="api.test.DDTests" name="testDeleteUserByName" time="1.992"/>
  <testcase classname="api.test.DDTests" name="testDeleteUserByName" time="3.156"/>
  <testcase classname="api.test.DDTests" name="testDeleteUserByName" time="4.201"/>
</testsuite> <!-- api.test.DDTests -->
