<?xml version="1.0" encoding="UTF-8"?>
<!-- Generated by org.testng.reporters.JUnitReportReporter -->
<testsuite hostname="DESKTOP-S6E37E4" failures="0" tests="4" name="api.test.UserTests" time="12.117" errors="0" timestamp="2026-04-07T12:39:17 IST" skipped="0">
  <testcase classname="api.test.UserTests" name="testPostUser" time="3.825"/>
  <testcase classname="api.test.UserTests" name="testGetuserByName" time="2.660"/>
  <testcase classname="api.test.UserTests" name="testUpdateUserByName" time="2.928"/>
  <testcase classname="api.test.UserTests" name="testDeleteUserByName" time="2.704"/>
</testsuite> <!-- api.test.UserTests -->
