<?xml version="1.0" encoding="UTF-8"?>
<!-- Generated by org.testng.reporters.JUnitReportReporter -->
<testsuite hostname="DESKTOP-S6E37E4" failures="0" tests="4" name="api.test.UserTests" time="14.780" errors="0" timestamp="2026-04-08T09:14:34 IST" skipped="0">
  <testcase classname="api.test.UserTests" name="testPostUser" time="5.370"/>
  <testcase classname="api.test.UserTests" name="testGetuserByName" time="2.261"/>
  <testcase classname="api.test.UserTests" name="testUpdateUserByName" time="5.117"/>
  <testcase classname="api.test.UserTests" name="testDeleteUserByName" time="2.032"/>
</testsuite> <!-- api.test.UserTests -->
