<?xml version="1.0" encoding="UTF-8"?>
<!-- Generated by org.testng.reporters.JUnitReportReporter -->
<testsuite hostname="DESKTOP-S6E37E4" failures="0" tests="6" name="api.test.DDTests" time="16.819" errors="0" timestamp="2026-04-08T08:49:57 IST" skipped="0">
  <testcase classname="api.test.DDTests" name="testPostUser" time="4.035"/>
  <testcase classname="api.test.DDTests" name="testPostUser" time="1.879"/>
  <testcase classname="api.test.DDTests" name="testPostUser" time="5.005"/>
  <testcase classname="api.test.DDTests" name="testDeleteUserByName" time="1.842"/>
  <testcase classname="api.test.DDTests" name="testDeleteUserByName" time="2.005"/>
  <testcase classname="api.test.DDTests" name="testDeleteUserByName" time="2.053"/>
</testsuite> <!-- api.test.DDTests -->
